F0	s0	2.944042	-17.855958	21	41	229	256
F0	s100	1.703213	15.700000	1	26	87	107
F0	s103	42.400000	14.000000	1	25	227	256
F0	s104	10.886010	20.317202	2	25	231	252
F0	s107	45.200000	24.700000	1	25	231	256
F0	s108	32.923627	24.934404	3	29	219	245
F0	s109	0.058031	-13.748394	4	16	217	244
F0	s10	52.100000	27.300000	1	24	231	256
F0	s111	5.386010	-23.313990	6	21	230	256
F0	s112	32.900000	28.700000	1	26	231	256
F0	s113	8.651606	26.717202	2	25	233	254
F0	s114	13.964456	-17.335544	28	53	226	256
F0	s116	13.406425	-12.693575	13	26	229	256
F0	s117	30.434404	16.317202	2	24	227	255
F0	s118	29.500000	8.600000	1	22	232	256
F0	s119	0.700000	19.500000	1	22	242	256
F0	s11	40.917202	19.100000	1	23	230	255
F0	s124	17.200000	6.600000	1	29	234	256
F0	s125	50.500000	27.100000	1	27	230	256
F0	s126	40.900000	19.500000	1	22	231	256
F0	s127	1.300000	20.700000	1	27	244	256
F0	s128	11.703213	-12.696787	7	29	225	256
F0	s12	0.534404	12.900000	1	25	237	254
F0	s130	8.592435	-7.482798	2	18	214	240
F0	s132	21.200000	-2.300000	1	16	228	256
F0	s133	6.268808	23.400000	1	23	224	252
F0	s136	8.154819	27.300000	1	24	98	119
F0	s137	1.551606	-9.048394	4	24	234	256
F0	s139	46.700000	18.000000	1	23	230	256
F0	s13	5.558031	-13.341969	16	38	230	256
F0	s140	26.834404	10.817202	2	24	226	255
F0	s142	28.700000	9.100000	1	21	229	256
F0	s143	23.300000	8.300000	1	20	231	256
F0	s144	20.700000	14.200000	1	22	231	256
F0	s145	12.317202	25.900000	1	25	228	255
F0	s146	19.151606	-10.982798	2	19	61	91
F0	s147	10.600000	26.100000	1	27	238	256
F0	s148	4.317202	-10.682798	2	23	231	256
F0	s149	48.000000	14.100000	1	27	227	256
F0	s14	28.417202	2.900000	1	19	228	255
F0	s150	45.617202	23.400000	1	23	228	255
F0	s151	57.917202	31.200000	1	25	228	255
F0	s152	32.200000	21.700000	1	27	226	256
F0	s153	16.520415	31.200000	1	25	220	249
F0	s155	26.200000	18.300000	1	25	235	256
F0	s156	18.117202	13.817202	2	30	234	256
F0	s157	3.072021	23.500000	1	28	215	246
F0	s159	11.617202	-2.582798	2	25	224	256
F0	s15	42.300000	23.400000	1	23	230	256
F0	s160	29.734404	9.317202	2	28	226	255
F0	s161	6.317202	18.700000	1	21	124	159
F0	s164	11.268808	27.300000	1	24	214	252
F0	s166	26.300000	19.300000	1	25	230	256
F0	s167	44.200000	19.400000	1	25	231	256
F0	s169	10.872021	-16.527979	11	39	227	256
F0	s16	48.200000	23.400000	1	23	231	256
F0	s171	42.900000	19.500000	1	22	230	256
F0	s172	3.803213	19.400000	1	25	147	191
F0	s176	33.400000	19.600000	1	27	228	256
F0	s179	0.617202	15.600000	1	21	230	255
F0	s17	43.700000	28.700000	1	26	231	256
F0	s180	14.030052	0.695648	24	45	231	254
F0	s181	4.200000	21.600000	1	27	199	225
F0	s183	17.600000	-11.100000	1	14	230	256
F0	s185	10.634404	-6.965596	3	19	232	256
F0	s187	0.917202	14.917202	2	25	227	256
F0	s188	9.003213	-9.596787	7	32	232	256
F0	s189	45.117202	17.717202	2	26	227	256
F0	s18	52.817202	18.917202	2	23	227	256
F0	s190	21.000000	22.200000	1	26	234	256
F0	s193	10.820415	-19.179585	8	27	96	124
F0	s195	38.400000	13.600000	1	33	231	256
F0	s197	1.851606	-17.248394	4	15	35	68
F0	s198	32.117202	13.517202	2	28	227	256
F0	s199	37.151606	19.600000	1	22	228	253
F0	s19	4.103213	12.700000	1	20	229	250
F0	s1	14.717202	18.100000	1	23	229	255
F0	s200	31.400000	15.400000	1	27	226	256
F0	s201	38.534404	20.600000	1	27	221	254
F0	s204	4.351606	-17.348394	4	13	224	256
F0	s205	56.100000	22.200000	1	26	227	256
F0	s208	43.800000	21.900000	1	24	232	256
F0	s209	43.500000	20.700000	1	27	229	256
F0	s213	43.200000	28.700000	1	26	233	256
F0	s215	3.423627	-18.731192	5	18	218	247
F0	s217	13.968808	-8.031192	5	20	227	256
F0	s218	27.600000	4.500000	1	18	227	256
F0	s219	25.000000	16.600000	1	21	237	256
F0	s220	42.400000	24.800000	1	25	232	256
F0	s221	4.886010	20.400000	1	25	63	81
F0	s222	2.958031	23.200000	1	26	217	241
F0	s224	32.626840	24.800000	1	25	211	237
F0	s227	22.651606	-7.348394	4	25	228	256
F0	s22	7.398860	-12.469948	26	47	226	252
F0	s231	2.900000	-11.600000	1	12	227	256
F0	s232	42.717202	21.317202	2	25	231	256
F0	s233	47.417202	20.117202	2	28	229	256
F0	s234	3.303212	21.417202	2	25	231	251
F0	s23	32.700000	15.300000	1	24	229	256
F0	s241	13.851606	-15.565596	3	16	227	255
F0	s242	50.200000	24.800000	1	25	230	256
F0	s243	14.658031	28.117202	2	27	224	242
F0	s244	3.275233	-21.300000	1	14	211	240
F0	s245	10.358031	-21.659171	15	31	228	255
F0	s246	36.900000	20.900000	1	24	226	256
F0	s247	44.200000	24.800000	1	25	226	256
F0	s248	38.800000	18.700000	1	31	228	256
F0	s249	48.517202	18.517202	2	29	228	256
F0	s24	29.817202	5.117202	2	22	228	256
F0	s250	10.286010	26.100000	1	27	230	251
F0	s251	12.486010	-14.331192	5	26	226	255
F0	s254	4.520415	-4.679585	8	40	233	256
F0	s257	8.317202	-17.782798	2	11	229	256
F0	s258	9.300000	3.100000	1	16	234	256
F0	s259	43.800000	17.900000	1	23	226	256
F0	s25	21.603213	19.600000	1	27	223	250
F0	s263	4.417202	-11.400000	1	17	228	255
F0	s264	7.217202	28.700000	1	26	244	255
F0	s265	4.330052	-18.469948	26	46	229	256
F0	s266	10.100000	-5.500000	1	13	227	256
F0	s267	20.072021	28.117202	2	27	221	247
F0	s268	10.137617	24.400000	1	23	166	182
F0	s269	0.700000	-16.000000	1	16	218	256
F0	s26	49.300000	20.600000	1	27	230	256
F0	s271	21.272021	-12.627979	11	44	227	256
F0	s272	27.400000	15.700000	1	21	229	256
F0	s273	32.400000	22.900000	1	24	231	256
F0	s274	12.600000	-0.900000	1	18	230	256
F0	s275	47.900000	23.500000	1	23	225	256
F0	s276	31.200000	27.400000	1	24	228	256
F0	s27	31.700000	20.900000	1	24	234	256
F0	s283	18.468808	-11.531192	5	26	228	256
F0	s285	21.700000	6.100000	1	17	232	256
F0	s286	28.600000	11.000000	1	18	232	256
F0	s287	2.834404	30.617202	2	26	246	255
F0	s28	3.340829	19.300000	1	25	125	148
F0	s290	6.600000	-12.800000	1	18	226	256
F0	s291	24.700000	10.000000	1	29	228	256
F0	s294	5.812850	-15.604352	24	48	226	255
F0	s295	34.217202	15.700000	1	26	222	255
F0	s298	21.651606	-14.848394	4	20	228	256
F0	s2	29.600000	16.600000	1	21	231	256
F0	s303	1.972021	19.717202	2	31	219	247
F0	s306	11.242902	-15.857098	50	74	229	256
F0	s307	5.737617	25.900000	1	25	221	248
F0	s30	49.500000	18.200000	1	25	226	256
F0	s310	41.000000	15.100000	1	22	226	256
F0	s311	40.800000	23.200000	1	26	227	256
F0	s312	56.100000	27.300000	1	24	225	256
F0	s313	2.651606	-6.848394	4	31	228	256
F0	s314	7.317202	27.300000	1	24	241	253
F0	s318	41.400000	20.800000	1	24	229	256
F0	s319	50.500000	28.700000	1	26	229	256
F0	s320	14.700000	-2.300000	1	16	233	256
F0	s321	1.400000	18.300000	1	25	244	256
F0	s323	5.051606	-14.348394	4	25	226	256
F0	s324	19.337617	13.637617	9	33	232	256
F0	s326	8.717202	-21.282798	2	12	228	256
F0	s327	18.017202	13.417202	2	26	229	256
F0	s32	18.200000	-14.400000	1	19	140	167
F0	s331	4.700000	9.100000	1	33	232	256
F0	s332	1.100000	17.900000	1	23	239	256
F0	s333	5.217202	-11.300000	1	23	227	255
F0	s334	1.434404	13.600000	1	28	228	254
F0	s336	35.800000	3.200000	1	16	229	256
F0	s337	24.417202	13.817202	2	25	234	256
F0	s33	3.568808	12.200000	1	26	229	252
F0	s340	3.520415	22.317202	2	30	214	227
F0	s344	34.400000	18.100000	1	23	229	256
F0	s345	7.700000	20.600000	1	22	229	256
F0	s349	32.600000	9.500000	1	34	227	256
F0	s350	13.417202	2.917202	2	19	231	256
F0	s352	4.900000	-13.100000	1	16	90	113
F0	s353	19.500000	15.400000	1	24	231	256
F0	s354	40.100000	21.900000	1	24	228	256
F0	s356	45.500000	19.400000	1	25	229	256
F0	s357	12.500000	22.000000	1	24	241	256
F0	s35	18.203213	-11.796787	7	29	228	256
F0	s360	7.817202	7.717202	2	26	224	256
F0	s361	3.434404	1.217202	2	21	222	255
F0	s362	3.200000	-9.100000	1	25	227	256
F0	s366	21.100000	-15.400000	1	15	228	256
F0	s367	28.717202	22.900000	1	29	218	255
F0	s368	32.103213	3.403213	7	41	230	256
F0	s36	0.123627	24.800000	1	25	223	243
F0	s371	46.600000	31.200000	1	25	229	256
F0	s373	47.600000	16.400000	1	29	228	256
F0	s374	9.454819	26.100000	1	27	222	247
F0	s377	15.868808	5.700000	1	29	212	252
F0	s378	16.089223	9.017202	2	28	209	246
F0	s381	4.920415	23.200000	1	26	229	249
F0	s386	4.800000	-13.000000	1	18	225	256
F0	s387	8.475233	23.500000	1	28	205	240
F0	s389	8.000000	-4.900000	1	18	231	256
F0	s38	7.686010	-17.531192	5	17	227	255
F0	s390	8.817202	9.900000	1	22	235	255
F0	s391	20.700000	0.300000	1	15	226	256
F0	s392	11.917202	23.500000	1	23	233	255
F0	s393	9.251606	-19.548394	4	15	225	256
F0	s395	6.600000	-19.500000	1	13	229	256
F0	s396	50.800000	28.700000	1	26	227	256
F0	s397	40.200000	15.700000	1	26	228	256
F0	s398	45.017202	20.217202	2	25	231	256
F0	s399	40.717202	12.700000	1	23	226	255
F0	s39	27.900000	10.300000	1	26	232	256
F0	s3	28.600000	15.500000	1	24	232	256
F0	s400	49.400000	18.200000	1	25	228	256
F0	s401	56.000000	27.300000	1	24	230	256
F0	s405	52.717202	23.300000	1	26	227	255
F0	s406	25.500000	24.800000	1	25	233	256
F0	s407	1.186010	14.200000	1	22	78	100
F0	s40	29.500000	7.300000	1	20	230	256
F0	s412	11.400000	-16.000000	1	16	227	256
F0	s413	24.800000	14.900000	1	30	225	256
F0	s414	5.903213	28.700000	1	26	230	250
F0	s416	36.117202	14.617202	2	28	231	256
F0	s417	2.017202	25.317202	2	26	245	256
F0	s41	37.900000	16.500000	1	24	231	256
F0	s420	12.334404	0.517202	2	25	224	255
F0	s423	22.734404	-11.165596	3	25	227	256
F0	s424	50.434404	30.617202	2	26	220	255
F0	s425	39.400000	27.400000	1	24	232	256
F0	s426	34.000000	21.900000	1	24	227	256
F0	s429	35.317202	16.200000	1	27	223	255
F0	s42	58.500000	31.200000	1	25	229	256
F0	s430	29.117202	13.800000	1	25	222	255
F0	s431	47.517202	13.617202	2	28	227	256
F0	s432	4.934404	24.800000	1	25	127	143
F0	s433	3.017202	-16.082798	2	15	228	256
F0	s434	39.017202	24.800000	1	25	227	255
F0	s435	57.400000	24.800000	1	25	229	256
F0	s436	30.100000	20.500000	1	22	231	256
F0	s437	7.706425	22.200000	1	26	229	244
F0	s439	33.500000	19.600000	1	27	231	256
F0	s43	39.800000	26.100000	1	27	233	256
F0	s440	30.917202	21.900000	1	24	230	255
F0	s441	33.800000	19.400000	1	25	220	256
F0	s442	2.651606	22.917202	2	24	232	254
F0	s447	0.434404	24.800000	1	25	221	254
F0	s44	23.517202	0.600000	1	17	227	255
F0	s451	45.351606	20.317202	2	25	222	254
F0	s452	45.617202	26.717202	2	25	230	256
F0	s457	9.072021	-20.927979	11	39	228	256
F0	s465	3.500000	24.700000	1	25	245	256
F0	s469	34.317202	12.800000	1	25	226	255
F0	s473	4.472021	27.300000	1	24	225	246
F0	s477	39.900000	20.500000	1	22	226	256
F0	s478	6.817202	19.500000	1	22	234	255
F0	s47	4.851606	15.800000	1	25	225	253
F0	s49	2.100000	14.100000	1	22	190	220
F0	s4	61.200000	31.200000	1	25	228	256
F0	s50	31.230052	11.530052	26	52	224	256
F0	s51	38.100000	26.100000	1	27	229	256
F0	s52	57.400000	24.800000	1	25	229	256
F0	s53	10.206425	21.900000	1	24	222	244
F0	s55	10.537617	-15.462383	9	26	226	256
F0	s58	7.117202	-14.382798	2	19	231	256
F0	s59	12.551606	-14.648394	4	16	224	256
F0	s5	0.451606	18.000000	1	28	228	253
F0	s60	45.417202	22.917202	2	29	231	256
F0	s61	49.734404	20.317202	2	25	227	255
F0	s62	47.051606	24.800000	1	25	224	253
F0	s65	21.972021	1.172021	11	36	229	256
F0	s66	22.630052	18.000000	1	23	203	231
F0	s67	5.117202	-13.900000	1	12	228	255
F0	s68	34.468808	25.900000	1	25	225	252
F0	s69	57.300000	23.400000	1	23	227	256
F0	s6	10.686010	-19.313990	6	24	228	256
F0	s70	15.072021	28.700000	1	26	209	246
F0	s71	9.700000	-9.900000	1	18	229	256
F0	s72	8.503213	-5.496787	7	30	231	256
F0	s73	46.800000	16.800000	1	26	228	256
F0	s74	9.517202	24.800000	1	25	233	255
F0	s76	2.400000	-16.500000	1	14	230	256
F0	s77	3.034404	17.000000	1	23	231	254
F0	s78	2.617202	-17.782798	2	14	226	256
F0	s79	30.834404	15.834404	3	25	231	256
F0	s7	46.200000	27.300000	1	24	230	256
F0	s82	14.100000	26.100000	1	27	237	256
F0	s83	56.000000	31.200000	1	25	231	256
F0	s84	12.500000	23.500000	1	23	232	256
F0	s86	50.800000	20.800000	1	24	228	256
F0	s87	46.100000	28.700000	1	26	232	256
F0	s88	49.000000	19.000000	1	23	228	256
F0	s89	8.317202	23.400000	1	23	159	184
F0	s8	62.017202	28.700000	1	26	226	255
F0	s95	45.400000	19.600000	1	22	231	256
F0	s96	38.100000	15.300000	1	27	229	256
F0	s99	24.200000	9.900000	1	29	230	256
F0	s9	20.800000	23.500000	1	23	239	256
