F0	s103	30.900000	23.200000	1	26	232	256
F0	s104	14.086010	-11.431192	5	21	228	255
F0	s107	33.600000	15.200000	1	22	232	256
F0	s108	44.423627	14.289223	12	38	224	254
F0	s10	41.000000	19.600000	1	22	231	256
F0	s112	44.000000	10.100000	1	24	227	256
F0	s113	3.751606	-17.065596	3	18	230	255
F0	s114	4.300000	26.100000	1	27	234	256
F0	s116	9.061244	20.900000	1	24	205	235
F0	s117	39.134404	17.517202	2	24	229	255
F0	s118	22.000000	16.700000	1	21	234	256
F0	s119	6.800000	-17.700000	1	11	228	256
F0	s11	50.117202	26.717202	2	25	230	256
F0	s121	1.586010	10.751606	4	31	234	254
F0	s124	29.000000	18.000000	1	23	224	256
F0	s125	39.300000	18.100000	1	23	228	256
F0	s126	52.100000	27.300000	1	24	231	256
F0	s128	9.603213	28.700000	1	26	228	250
F0	s130	11.392435	21.875233	17	41	231	255
F0	s132	10.100000	19.300000	1	25	239	256
F0	s133	13.634404	-15.065596	3	18	230	256
F0	s136	15.534404	-17.065596	3	23	101	128
F0	s138	2.303213	-3.600000	1	19	217	250
F0	s139	36.100000	23.500000	1	23	234	256
F0	s13	8.058031	24.800000	1	25	218	241
F0	s140	27.834404	11.717202	2	27	229	255
F0	s142	18.700000	15.400000	1	24	234	256
F0	s143	35.600000	21.900000	1	24	233	256
F0	s144	10.500000	2.200000	1	22	233	256
F0	s145	17.617202	-10.982798	2	19	227	256
F0	s146	17.551606	30.034404	3	27	73	92
F0	s147	9.400000	-16.800000	1	14	224	256
F0	s148	4.317202	21.900000	1	24	232	255
F0	s149	35.900000	28.700000	1	26	228	256
F0	s14	16.317202	20.317202	2	25	236	256
F0	s150	56.817202	28.117202	2	27	230	256
F0	s151	47.817202	22.417202	2	25	230	256
F0	s152	43.400000	16.400000	1	29	226	256
F0	s153	14.220415	-10.679585	8	21	232	256
F0	s155	16.000000	3.600000	1	18	230	256
F0	s156	30.317202	11.200000	1	21	223	255
F0	s157	0.186010	-17.013990	6	26	229	256
F0	s159	0.917202	10.000000	1	29	232	255
F0	s15	53.500000	24.800000	1	25	230	256
F0	s160	27.834404	17.717202	2	26	220	255
F0	s161	14.717202	-8.182798	2	28	136	160
F0	s164	7.168808	-14.231192	5	38	231	256
F0	s166	34.900000	12.900000	1	25	227	256
F0	s167	33.100000	19.600000	1	22	230	256
F0	s168	7.306425	-20.093575	13	34	227	256
F0	s169	0.272021	22.200000	1	26	210	246
F0	s16	38.100000	20.600000	1	22	232	256
F0	s171	32.300000	18.100000	1	23	235	256
F0	s172	12.403213	-10.796787	7	39	168	197
F0	s176	41.700000	16.800000	1	26	226	256
F0	s17	55.800000	21.900000	1	24	227	256
F0	s180	25.830052	19.734404	3	26	208	233
F0	s181	3.800000	-11.000000	1	27	197	225
F0	s183	6.000000	24.500000	1	23	243	256
F0	s184	6.303213	-13.896787	7	24	228	256
F0	s185	9.134404	23.400000	1	23	238	254
F0	s188	14.403213	24.500000	1	23	223	250
F0	s189	34.017202	22.200000	1	26	229	255
F0	s18	42.317202	28.700000	1	26	234	255
F0	s190	33.100000	5.700000	1	21	227	256
F0	s193	7.020415	25.800000	1	25	96	117
F0	s195	30.700000	20.600000	1	22	223	256
F0	s198	43.317202	24.500000	1	28	225	255
F0	s199	27.051606	13.351606	4	25	233	256
F0	s19	11.803213	-5.196787	7	27	233	256
F0	s1	25.317202	2.517202	2	26	224	256
F0	s200	34.500000	19.000000	1	28	224	256
F0	s201	27.934404	12.634404	3	32	230	256
F0	s202	3.168808	-12.848394	4	22	226	255
F0	s205	45.000000	28.700000	1	26	229	256
F0	s208	31.600000	16.600000	1	21	231	256
F0	s209	54.700000	28.700000	1	26	226	256
F0	s213	55.800000	21.900000	1	24	227	256
F0	s217	5.568808	16.700000	1	26	236	252
F0	s218	30.700000	26.100000	1	27	233	256
F0	s219	14.500000	4.200000	1	16	236	256
F0	s220	54.500000	24.500000	1	23	228	256
F0	s221	1.317202	-12.182798	2	13	60	86
F0	s222	9.458031	-18.941969	16	33	227	256
F0	s224	41.126840	13.726840	20	44	227	256
F0	s227	11.051606	24.800000	1	25	232	253
F0	s232	53.817202	27.300000	1	24	228	255
F0	s233	36.217202	22.000000	1	24	227	255
F0	s234	12.303212	-11.813990	6	26	227	255
F0	s23	42.300000	23.300000	1	26	228	256
F0	s241	8.454819	24.217202	2	26	231	248
F0	s242	61.200000	31.200000	1	25	228	256
F0	s243	7.734404	-14.682798	2	23	221	255
F0	s245	3.058031	27.817202	2	25	225	242
F0	s246	48.000000	21.900000	1	29	229	256
F0	s247	35.600000	16.700000	1	26	230	256
F0	s248	42.800000	18.800000	1	31	222	256
F0	s249	37.417202	24.800000	1	25	226	255
F0	s24	18.634404	19.400000	1	25	233	254
F0	s250	12.886010	-14.313990	6	25	224	256
F0	s251	7.886010	25.217202	2	26	228	252
F0	s252	0.351606	-16.582798	2	17	226	254
F0	s254	13.020415	12.500000	1	26	213	249
F0	s257	4.617202	20.900000	1	24	241	255
F0	s258	11.900000	4.500000	1	18	237	256
F0	s259	45.100000	21.900000	1	24	230	256
F0	s25	28.503213	8.803213	7	32	224	256
F0	s263	3.417202	18.817202	2	26	237	256
F0	s264	2.837617	-19.462383	9	31	231	256
F0	s265	3.700000	28.700000	1	26	239	256
F0	s266	2.500000	13.900000	1	25	242	256
F0	s267	27.872021	-5.445181	10	31	226	255
F0	s268	4.017202	-14.082798	2	21	168	190
F0	s26	38.200000	23.500000	1	23	228	256
F0	s271	9.417202	28.700000	1	26	236	255
F0	s272	36.000000	15.100000	1	27	232	256
F0	s273	21.200000	5.200000	1	22	231	256
F0	s274	22.800000	19.400000	1	25	235	256
F0	s275	36.800000	19.200000	1	28	232	256
F0	s276	39.700000	9.700000	1	27	228	256
F0	s27	42.800000	16.700000	1	21	229	256
F0	s283	8.000000	24.800000	1	25	239	256
F0	s284	1.403213	23.500000	1	23	226	250
F0	s285	9.500000	10.300000	1	21	238	256
F0	s286	39.700000	24.500000	1	23	235	256
F0	s287	5.375233	-19.441969	16	31	229	255
F0	s290	0.700000	15.100000	1	27	237	256
F0	s291	36.900000	21.600000	1	27	224	256
F0	s294	1.612850	17.117202	2	27	203	233
F0	s295	45.217202	24.217202	2	26	227	256
F0	s298	17.651606	31.200000	1	25	234	253
F0	s299	8.706425	-14.010777	12	28	224	255
F0	s2	18.500000	8.700000	1	22	234	256
F0	s303	11.272021	-13.745181	10	35	222	255
F0	s306	11.542902	21.900000	1	24	179	207
F0	s307	14.537617	-16.662383	9	35	228	256
F0	s30	38.000000	26.100000	1	27	232	256
F0	s310	30.800000	21.600000	1	27	233	256
F0	s311	49.400000	23.500000	1	28	226	256
F0	s312	45.500000	23.500000	1	28	233	256
F0	s313	8.151606	15.400000	1	27	216	253
F0	s314	8.017202	-13.682798	2	14	222	254
F0	s318	34.600000	19.600000	1	22	231	256
F0	s319	57.100000	25.800000	1	25	226	256
F0	s320	3.600000	12.800000	1	20	239	256
F0	s321	3.051606	-17.948394	4	19	227	256
F0	s324	31.437617	12.600000	1	23	220	248
F0	s326	8.217202	24.800000	1	25	241	255
F0	s327	21.317202	2.600000	1	18	227	255
F0	s32	8.000000	27.300000	1	24	150	167
F0	s331	12.900000	-0.600000	1	26	220	256
F0	s332	2.900000	-12.400000	1	17	229	256
F0	s334	5.434404	-11.965596	3	23	224	256
F0	s336	24.200000	27.400000	1	24	241	256
F0	s337	36.017202	17.000000	1	23	228	255
F0	s33	9.368808	-8.131192	5	21	227	256
F0	s340	1.417202	-14.600000	1	14	204	232
F0	s344	45.600000	22.200000	1	26	230	256
F0	s345	3.800000	-13.800000	1	18	232	256
F0	s349	21.400000	17.800000	1	26	221	256
F0	s350	24.517202	17.400000	1	24	234	255
F0	s353	28.100000	10.000000	1	24	228	256
F0	s354	29.000000	12.900000	1	25	231	256
F0	s356	34.400000	20.900000	1	24	230	256
F0	s357	22.500000	-2.200000	1	16	228	256
F0	s35	6.103213	24.800000	1	25	226	250
F0	s360	1.317202	-1.300000	1	25	225	255
F0	s361	4.134404	2.917202	2	24	232	255
F0	s362	0.800000	15.200000	1	27	232	256
F0	s366	13.800000	31.200000	1	25	241	256
F0	s367	28.817202	0.617202	2	35	224	256
F0	s368	29.603213	23.500000	1	23	211	250
F0	s36	9.700000	-20.300000	1	10	228	256
F0	s371	35.600000	10.200000	1	24	230	256
F0	s372	10.817202	-16.482798	2	12	26	53
F0	s373	36.400000	25.900000	1	25	226	256
F0	s374	18.854819	-12.445181	10	24	226	256
F0	s377	4.968808	4.868808	5	41	229	256
F0	s378	9.889223	5.972021	11	42	214	255
F0	s381	16.020415	-11.379585	8	26	227	256
F0	s386	2.486010	16.700000	1	26	225	251
F0	s387	11.375233	-17.424767	17	49	225	256
F0	s390	18.917202	4.817202	2	20	231	256
F0	s391	8.500000	15.100000	1	27	240	256
F0	s392	17.617202	-11.082798	2	22	230	256
F0	s393	0.351606	23.500000	1	28	236	253
F0	s394	10.837617	-17.862383	9	29	230	256
F0	s395	1.026840	20.900000	1	24	203	237
F0	s396	51.700000	17.800000	1	26	227	256
F0	s397	41.200000	20.300000	1	25	227	256
F0	s398	46.117202	20.600000	1	22	228	255
F0	s399	40.717202	22.717202	2	27	230	256
F0	s39	35.900000	24.500000	1	23	225	256
F0	s3	40.800000	20.000000	1	23	229	256
F0	s400	49.400000	25.900000	1	25	228	256
F0	s401	57.100000	24.500000	1	23	229	256
F0	s405	44.117202	24.217202	2	26	230	256
F0	s406	30.400000	0.400000	1	26	228	256
F0	s40	18.400000	18.000000	1	23	235	256
F0	s412	0.800000	23.200000	1	26	241	256
F0	s413	35.900000	15.800000	1	30	223	256
F0	s414	5.303213	-17.496787	7	27	229	256
F0	s416	42.117202	27.400000	1	24	223	255
F0	s417	3.117202	-15.900000	1	12	231	255
F0	s41	49.200000	27.300000	1	24	229	256
F0	s420	4.234404	6.617202	2	29	229	255
F0	s423	13.034404	28.700000	1	26	234	254
F0	s424	60.134404	24.217202	2	26	227	255
F0	s425	29.400000	7.700000	1	21	224	256
F0	s426	46.100000	19.000000	1	28	229	256
F0	s428	2.539690	11.200000	1	29	177	213
F0	s429	25.117202	13.817202	2	30	236	256
F0	s42	48.400000	23.000000	1	24	230	256
F0	s430	39.217202	21.117202	2	28	228	256
F0	s431	36.417202	28.700000	1	26	227	255
F0	s432	8.634404	-21.365596	3	14	117	145
F0	s434	47.517202	20.117202	2	28	227	256
F0	s435	46.200000	27.300000	1	24	230	256
F0	s436	41.300000	16.500000	1	24	231	256
F0	s439	26.500000	12.800000	1	20	228	256
F0	s43	50.900000	19.600000	1	22	226	256
F0	s440	42.017202	14.917202	2	25	229	256
F0	s441	22.600000	9.100000	1	33	230	256
F0	s442	13.951606	-13.865596	3	18	226	255
F0	s447	10.186010	-19.813990	6	25	228	256
F0	s44	13.817202	17.717202	2	26	239	256
F0	s451	34.151606	19.734404	3	31	230	255
F0	s452	56.817202	24.800000	1	25	228	255
F0	s457	0.472021	24.800000	1	25	217	246
F0	s458	4.417202	-17.482798	2	18	229	256
F0	s45	1.700000	-19.200000	1	15	38	62
F0	s468	0.400000	16.700000	1	21	237	256
F0	s469	23.117202	16.217202	2	27	230	256
F0	s473	2.572021	-18.827979	11	29	231	256
F0	s474	0.368808	2.351606	4	38	225	255
F0	s476	0.868808	19.600000	1	22	233	252
F0	s477	28.300000	14.100000	1	27	235	256
F0	s478	5.886010	-17.413990	6	19	230	256
F0	s4	50.100000	24.700000	1	25	225	256
F0	s50	21.030052	15.400000	1	29	203	231
F0	s51	49.200000	17.900000	1	26	226	256
F0	s52	46.200000	27.300000	1	24	230	256
F0	s53	19.006425	-7.093575	13	36	229	256
F0	s55	1.495648	20.700000	1	27	211	233
F0	s58	9.217202	27.300000	1	24	233	255
F0	s59	4.351606	21.900000	1	29	233	253
F0	s5	3.751606	-19.548394	4	14	225	256
F0	s60	54.117202	25.900000	1	25	224	255
F0	s61	41.034404	24.217202	2	26	231	255
F0	s62	53.051606	23.051606	4	28	228	256
F0	s64	6.700000	-1.000000	1	18	235	256
F0	s65	10.772021	15.500000	1	24	219	246
F0	s66	29.730052	7.630052	26	51	227	256
F0	s68	45.568808	14.468808	5	30	228	256
F0	s69	46.300000	28.700000	1	26	232	256
F0	s6	1.986010	24.800000	1	25	232	251
F0	s70	17.372021	-13.927979	11	25	226	256
F0	s71	1.500000	15.400000	1	24	242	256
F0	s72	16.703213	17.000000	1	23	223	250
F0	s73	38.300000	27.400000	1	24	229	256
F0	s74	22.117202	-7.882798	2	24	228	256
F0	s76	4.500000	25.800000	1	25	239	256
F0	s77	5.034404	-10.465596	3	25	227	256
F0	s79	41.934404	20.900000	1	24	228	254
F0	s7	57.400000	24.800000	1	25	229	256
F0	s82	26.200000	-5.100000	1	18	226	256
F0	s83	45.900000	20.500000	1	22	230	256
F0	s84	17.900000	-10.800000	1	16	230	256
F0	s86	40.300000	24.800000	1	25	233	256
F0	s87	54.800000	20.900000	1	24	227	256
F0	s88	36.900000	24.800000	1	25	232	256
F0	s89	13.617202	-15.082798	2	26	159	185
F0	s8	50.917202	28.117202	2	27	229	256
F0	s95	34.200000	20.500000	1	22	233	256
F0	s96	48.200000	28.700000	1	26	226	256
F0	s99	35.800000	20.600000	1	27	224	256
F0	s9	32.900000	4.200000	1	16	230	256
